0 info it worked if it ends with ok
1 verbose cli [ '/usr/bin/nodejs', '/usr/bin/npm', 'run', 'build' ]
2 info using npm@3.8.3
3 info using node@v5.10.0
4 verbose config Skipping project config: /home/user/.npmrc. (matches userconfig)
5 verbose stack Error: ENOENT: no such file or directory, open '/home/user/package.json'
5 verbose stack     at Error (native)
6 verbose cwd /home/user/workspace/openmrs-contrib-sdk-maven-plugin
7 error Linux 3.19.0-56-generic
8 error argv "/usr/bin/nodejs" "/usr/bin/npm" "run" "build"
9 error node v5.10.0
10 error npm  v3.8.3
11 error path /home/user/package.json
12 error code ENOENT
13 error errno -2
14 error syscall open
15 error enoent ENOENT: no such file or directory, open '/home/user/package.json'
16 error enoent ENOENT: no such file or directory, open '/home/user/package.json'
16 error enoent This is most likely not a problem with npm itself
16 error enoent and is related to npm not being able to find a file.
17 verbose exit [ -2, true ]
